#
# There is insufficient memory for the Java Runtime Environment to continue.
# Native memory allocation (malloc) failed to allocate 1048576 bytes for AllocateHeap
# Possible reasons:
#   The system is out of physical RAM or swap space
#   The process is running with CompressedOops enabled, and the Java Heap may be blocking the growth of the native heap
# Possible solutions:
#   Reduce memory load on the system
#   Increase physical memory or swap space
#   Check if swap backing store is full
#   Decrease Java heap size (-Xmx/-Xms)
#   Decrease number of Java threads
#   Decrease Java thread stack sizes (-Xss)
#   Set larger code cache with -XX:ReservedCodeCacheSize=
#   JVM is running with Zero Based Compressed Oops mode in which the Java heap is
#     placed in the first 32GB address space. The Java Heap base address is the
#     maximum limit for the native heap growth. Please use -XX:HeapBaseMinAddress
#     to set the Java Heap base and to place the Java Heap above 32GB virtual address.
# This output file may be truncated or incomplete.
#
#  Out of Memory Error (memory/allocation.inline.hpp:61), pid=25648, tid=0x0000000000005c14
#
# JRE version:  (8.0_202-b08) (build )
# Java VM: Java HotSpot(TM) 64-Bit Server VM (25.202-b08 mixed mode windows-amd64 compressed oops)
# Failed to write core dump. Minidumps are not enabled by default on client versions of Windows
#

---------------  T H R E A D  ---------------

Current thread (0x00000000024be800):  JavaThread "Unknown thread" [_thread_in_vm, id=23572, stack(0x0000000002220000,0x0000000002320000)]

Stack: [0x0000000002220000,0x0000000002320000]
[error occurred during error reporting (printing stack bounds), id 0xc0000005]

Native frames: (J=compiled Java code, j=interpreted, Vv=VM code, C=native code)


---------------  P R O C E S S  ---------------

Java Threads: ( => current thread )

Other Threads:

=>0x00000000024be800 (exited) JavaThread "Unknown thread" [_thread_in_vm, id=23572, stack(0x0000000002220000,0x0000000002320000)]

VM state:not at safepoint (normal execution)

VM Mutex/Monitor currently owned by a thread: None

heap address: 0x00000006c3400000, size: 4044 MB, Compressed Oops mode: Zero based, Oop shift amount: 3
Narrow klass base: 0x0000000000000000, Narrow klass shift: 3
Compressed class space size: 1073741824 Address: 0x00000007c0000000

Heap:
 PSYoungGen      total 75776K, used 1300K [0x000000076bc00000, 0x0000000771080000, 0x00000007c0000000)
  eden space 65024K, 2% used [0x000000076bc00000,0x000000076bd451f8,0x000000076fb80000)
  from space 10752K, 0% used [0x0000000770600000,0x0000000770600000,0x0000000771080000)
  to   space 10752K, 0% used [0x000000076fb80000,0x000000076fb80000,0x0000000770600000)
 ParOldGen       total 173568K, used 0K [0x00000006c3400000, 0x00000006cdd80000, 0x000000076bc00000)
  object space 173568K, 0% used [0x00000006c3400000,0x00000006c3400000,0x00000006cdd80000)
 Metaspace       used 775K, capacity 4480K, committed 4480K, reserved 1056768K
  class space    used 76K, capacity 384K, committed 384K, reserved 1048576K

Card table byte_map: [0x0000000011880000,0x0000000012070000] byte_map_base: 0x000000000e266000

Marking Bits: (ParMarkBitMap*) 0x00000000530b5ce0
 Begin Bits: [0x0000000012dc0000, 0x0000000016cf0000)
 End Bits:   [0x0000000016cf0000, 0x000000001ac20000)

Polling page: 0x0000000002330000

CodeCache: size=245760Kb used=328Kb max_used=328Kb free=245431Kb
 bounds [0x00000000024c0000, 0x0000000002730000, 0x00000000114c0000]
 total_blobs=58 nmethods=0 adapters=38
 compilation: enabled

Compilation events (0 events):
No events

GC Heap History (0 events):
No events

Deoptimization events (0 events):
No events

Classes redefined (0 events):
No events

Internal exceptions (0 events):
No events

Events (10 events):
Event: 0.029 loading class java/lang/Short
Event: 0.029 loading class java/lang/Short done
Event: 0.029 loading class java/lang/Integer
Event: 0.029 loading class java/lang/Integer done
Event: 0.029 loading class java/lang/Long
Event: 0.029 loading class java/lang/Long done
Event: 0.030 loading class java/lang/NullPointerException
Event: 0.030 loading class java/lang/NullPointerException done
Event: 0.030 loading class java/lang/ArithmeticException
Event: 0.030 loading class java/lang/ArithmeticException done


Dynamic libraries:
0x00007ff7313e0000 - 0x00007ff731417000 	C:\Program Files\Java\jdk1.8.0_202\bin\javaw.exe
0x00007ffbc4420000 - 0x00007ffbc4629000 	C:\WINDOWS\SYSTEM32\ntdll.dll
0x00007ffbc2570000 - 0x00007ffbc262e000 	C:\WINDOWS\System32\KERNEL32.DLL
0x00007ffbc1f20000 - 0x00007ffbc229b000 	C:\WINDOWS\System32\KERNELBASE.dll
0x00007ffbc34b0000 - 0x00007ffbc355e000 	C:\WINDOWS\System32\ADVAPI32.dll
0x00007ffbc2a50000 - 0x00007ffbc2af3000 	C:\WINDOWS\System32\msvcrt.dll
0x00007ffbc2630000 - 0x00007ffbc26ce000 	C:\WINDOWS\System32\sechost.dll
0x00007ffbc3a60000 - 0x00007ffbc3b80000 	C:\WINDOWS\System32\RPCRT4.dll
0x00007ffbc22a0000 - 0x00007ffbc244d000 	C:\WINDOWS\System32\USER32.dll
0x00007ffbc1ef0000 - 0x00007ffbc1f16000 	C:\WINDOWS\System32\win32u.dll
0x00007ffbc4210000 - 0x00007ffbc4239000 	C:\WINDOWS\System32\GDI32.dll
0x00007ffbc1c30000 - 0x00007ffbc1d48000 	C:\WINDOWS\System32\gdi32full.dll
0x00007ffbc1b90000 - 0x00007ffbc1c2d000 	C:\WINDOWS\System32\msvcp_win.dll
0x00007ffbc1d50000 - 0x00007ffbc1e61000 	C:\WINDOWS\System32\ucrtbase.dll
0x00007ffb9a6a0000 - 0x00007ffb9a945000 	C:\WINDOWS\WinSxS\amd64_microsoft.windows.common-controls_6595b64144ccf1df_6.0.22000.120_none_9d947278b86cc467\COMCTL32.dll
0x00007ffbc3b80000 - 0x00007ffbc3bb2000 	C:\WINDOWS\System32\IMM32.DLL
0x0000000053140000 - 0x0000000053212000 	C:\Program Files\Java\jdk1.8.0_202\jre\bin\msvcr100.dll
0x0000000052890000 - 0x0000000053135000 	C:\Program Files\Java\jdk1.8.0_202\jre\bin\server\jvm.dll
0x00007ffbc3a50000 - 0x00007ffbc3a58000 	C:\WINDOWS\System32\PSAPI.DLL
0x00007ffbbaee0000 - 0x00007ffbbaf13000 	C:\WINDOWS\SYSTEM32\WINMM.dll
0x00007ffbb7f00000 - 0x00007ffbb7f0a000 	C:\WINDOWS\SYSTEM32\VERSION.dll
0x00007ffba48e0000 - 0x00007ffba48e9000 	C:\WINDOWS\SYSTEM32\WSOCK32.dll
0x00007ffbc4260000 - 0x00007ffbc42cf000 	C:\WINDOWS\System32\WS2_32.dll
0x00007ffbafe90000 - 0x00007ffbafe9f000 	C:\Program Files\Java\jdk1.8.0_202\jre\bin\verify.dll
0x00007ffb9f880000 - 0x00007ffb9f8a9000 	C:\Program Files\Java\jdk1.8.0_202\jre\bin\java.dll
0x00007ffbafa20000 - 0x00007ffbafa36000 	C:\Program Files\Java\jdk1.8.0_202\jre\bin\zip.dll

VM Arguments:
jvm_args: -Dfile.encoding=Cp1252 
java_command: nagp.FindItem
java_class_path (initial): C:\Users\anilkumar06\com.nagarro.NAGP\target\test-classes;C:\Users\anilkumar06\com.nagarro.NAGP\target\classes;C:\Users\anilkumar06\Downloads\mssql-jdbc-12.2.0.jre8.jar;C:\Users\anilkumar06\.m2\repository\org\apache\poi\poi-ooxml\5.2.3\poi-ooxml-5.2.3.jar;C:\Users\anilkumar06\.m2\repository\org\apache\poi\poi-ooxml-lite\5.2.3\poi-ooxml-lite-5.2.3.jar;C:\Users\anilkumar06\.m2\repository\com\github\virtuald\curvesapi\1.07\curvesapi-1.07.jar;C:\Users\anilkumar06\.m2\repository\org\apache\logging\log4j\log4j-api\2.18.0\log4j-api-2.18.0.jar;C:\Users\anilkumar06\.m2\repository\commons-logging\commons-logging\1.2\commons-logging-1.2.jar;C:\Users\anilkumar06\.m2\repository\org\apache\logging\log4j\log4j-core\2.19.0\log4j-core-2.19.0.jar;C:\Users\anilkumar06\.m2\repository\org\apache\xmlbeans\xmlbeans\5.1.1\xmlbeans-5.1.1.jar;C:\Users\anilkumar06\.m2\repository\xml-apis\xml-apis\1.4.01\xml-apis-1.4.01.jar;C:\Users\anilkumar06\.m2\repository\commons-io\commons-io\2.11.0\commons-io-2.11.0.jar;C:\Users\anilkumar06\.m2\repository\org\apache\poi\poi\5.2.3\poi-5.2.3.jar;C:\Users\anilkumar06\.m2\repository\commons-codec\commons-codec\1.15\commons-codec-1.15.jar;C:\Users\anilkumar06\.m2\repository\org\apache\commons\commons-math3\3.6.1\commons-math3-3.6.1.jar;C:\Users\anilkumar06\.m2\repository\com\zaxxer\SparseBitSet\1.2\SparseBitSet-1.2.jar;C:\Users\anilkumar06\.m2\repository\org\apache\commons\commons-collections4\4.4\commons-collections4-4.4.jar;C:\Users\anilkumar06\.m2\repository\org\apache\commons\commons-compress\1.22\commons-compress-1.22.jar;C:\Users\anilkumar06\.m2\repository\org\dom4j\dom4j\2.1.1\dom4j-2.1.1.jar
Launcher Type: SUN_STANDARD

Environment Variables:
JAVA_HOME=C:\Program Files\Java\jdk1.8.0_202
PATH=C:/Program Files/Java/jre1.8.0_361/bin/server;C:/Program Files/Java/jre1.8.0_361/bin;C:/Program Files/Java/jre1.8.0_361/lib/amd64;C:\Program Files (x86)\Common Files\Oracle\Java\javapath;C:\WINDOWS\system32;C:\WINDOWS;C:\WINDOWS\System32\Wbem;C:\WINDOWS\System32\WindowsPowerShell\v1.0\;C:\WINDOWS\System32\OpenSSH\;C:\Program Files\apache-maven-3.6.3\bin;C:\Program Files\Java\jre1.8.0_202;C:\Users\anilkumar06\androidstudio\platform-tools;C:\Users\anilkumar06\androidstudio\tools;C:\Users\anilkumar06\androidstudio\tools\bin;C:\Program Files\Java\jdk1.8.0_261\bin;C:\Program Files (x86)\Microsoft SQL Server\150\DTS\Binn\;C:\Program Files\Microsoft SQL Server\Client SDK\ODBC\170\Tools\Binn\;C:\Program Files (x86)\Microsoft SQL Server\150\Tools\Binn\;C:\Program Files\Microsoft SQL Server\150\Tools\Binn\;C:\Program Files\Microsoft SQL Server\150\DTS\Binn\;C:\Users\anilkumar06\Downloads\Jmeter\apache-jmeter-5.4.3\apache-jmeter-5.4.3\bin;C:\Program Files\nodejs\;C:\Program Files\Git\cmd;C:\Users\anilkumar06\AppData\Local\Microsoft\WindowsApps;C:\Users\anilkumar06\AppData\Roaming\npm;;D:\eclipse-java-2020-06-R-win32-x86_64\eclipse;
USERNAME=anilkumar06
OS=Windows_NT
PROCESSOR_IDENTIFIER=Intel64 Family 6 Model 142 Stepping 12, GenuineIntel



---------------  S Y S T E M  ---------------

OS: Windows 10.0 , 64 bit Build 22000 (10.0.22000.1335)

CPU:total 8 (initial active 8) (4 cores per cpu, 2 threads per core) family 6 model 142 stepping 12, cmov, cx8, fxsr, mmx, sse, sse2, sse3, ssse3, sse4.1, sse4.2, popcnt, avx, avx2, aes, clmul, erms, 3dnowpref, lzcnt, ht, tsc, tscinvbit, bmi1, bmi2, adx

Memory: 4k page, physical 16560184k(3821752k free), swap 23452844k(5444k free)

vm_info: Java HotSpot(TM) 64-Bit Server VM (25.202-b08) for windows-amd64 JRE (1.8.0_202-b08), built on Dec 15 2018 19:54:30 by "java_re" with MS VC++ 10.0 (VS2010)

time: Thu Feb 16 05:53:07 2023
timezone: India Standard Time
elapsed time: 0 seconds (0d 0h 0m 0s)

